INFO:werkzeug:[31m[1mWARNING: This is a development server. Do not use it in a production deployment. Use a production WSGI server instead.[0m
 * Running on http://127.0.0.1:8000
INFO:werkzeug:[33mPress CTRL+C to quit[0m
INFO:werkzeug: * Restarting with stat
WARNING:werkzeug: * Debugger is active!
INFO:werkzeug: * Debugger PIN: 116-938-569
INFO:werkzeug:127.0.0.1 - - [24/Dec/2023 20:48:02] "GET / HTTP/1.1" 200 -
INFO:root:Html...
INFO:root:titles...
INFO:root:thumbnails...
INFO:root:links...
INFO:root:view counts...
INFO:root:videos age...
INFO:root:titles...
INFO:root:thumbnails...
INFO:root:links...
INFO:root:viewcounts...
INFO:root:age...
INFO:werkzeug:127.0.0.1 - - [24/Dec/2023 20:48:06] "POST /details HTTP/1.1" 200 -
INFO:werkzeug:127.0.0.1 - - [24/Dec/2023 20:48:06] "GET /static/css/style.css HTTP/1.1" 200 -
INFO:werkzeug:[31m[1mWARNING: This is a development server. Do not use it in a production deployment. Use a production WSGI server instead.[0m
 * Running on http://127.0.0.1:8000
INFO:werkzeug:[33mPress CTRL+C to quit[0m
INFO:werkzeug: * Restarting with stat
WARNING:werkzeug: * Debugger is active!
INFO:werkzeug: * Debugger PIN: 116-938-569
INFO:werkzeug:127.0.0.1 - - [24/Dec/2023 20:57:33] "GET / HTTP/1.1" 200 -
INFO:root:Html...
INFO:root:titles...
INFO:root:thumbnails...
INFO:root:links...
INFO:root:view counts...
INFO:root:videos age...
INFO:root:titles...
INFO:root:thumbnails...
INFO:root:links...
INFO:root:viewcounts...
INFO:root:age...
INFO:werkzeug:127.0.0.1 - - [24/Dec/2023 20:57:37] "POST /details HTTP/1.1" 200 -
INFO:werkzeug:127.0.0.1 - - [24/Dec/2023 20:57:37] "[36mGET /static/css/style.css HTTP/1.1[0m" 304 -
INFO:root:Html...
INFO:root:titles...
INFO:root:thumbnails...
INFO:root:links...
INFO:root:view counts...
INFO:root:videos age...
INFO:root:titles...
INFO:root:thumbnails...
INFO:root:links...
INFO:root:viewcounts...
INFO:root:age...
INFO:werkzeug:127.0.0.1 - - [24/Dec/2023 20:57:49] "POST /details HTTP/1.1" 200 -
INFO:werkzeug:127.0.0.1 - - [24/Dec/2023 20:57:49] "[36mGET /static/css/style.css HTTP/1.1[0m" 304 -
INFO:root:Html...
INFO:root:titles...
INFO:root:thumbnails...
INFO:root:links...
INFO:root:view counts...
INFO:root:videos age...
INFO:root:titles...
INFO:root:thumbnails...
INFO:root:links...
INFO:root:viewcounts...
INFO:root:age...
INFO:werkzeug:127.0.0.1 - - [24/Dec/2023 20:58:22] "POST /details HTTP/1.1" 200 -
INFO:werkzeug:127.0.0.1 - - [24/Dec/2023 20:58:22] "[36mGET /static/css/style.css HTTP/1.1[0m" 304 -
INFO:root:Html...
INFO:root:titles...
INFO:root:thumbnails...
INFO:root:links...
INFO:root:view counts...
INFO:root:videos age...
INFO:root:titles...
INFO:root:thumbnails...
INFO:root:links...
INFO:root:viewcounts...
INFO:root:age...
INFO:werkzeug:127.0.0.1 - - [24/Dec/2023 20:58:45] "POST /details HTTP/1.1" 200 -
INFO:werkzeug:127.0.0.1 - - [24/Dec/2023 20:58:45] "[36mGET /static/css/style.css HTTP/1.1[0m" 304 -
INFO:root:Html...
INFO:root:titles...
INFO:root:thumbnails...
INFO:root:links...
INFO:root:view counts...
INFO:root:videos age...
INFO:root:titles...
INFO:root:thumbnails...
INFO:root:links...
INFO:root:viewcounts...
INFO:root:age...
INFO:werkzeug:127.0.0.1 - - [24/Dec/2023 20:58:54] "POST /details HTTP/1.1" 200 -
INFO:werkzeug:127.0.0.1 - - [24/Dec/2023 20:58:54] "[36mGET /static/css/style.css HTTP/1.1[0m" 304 -
INFO:root:Html...
INFO:root:titles...
INFO:root:thumbnails...
INFO:root:links...
INFO:root:view counts...
INFO:root:videos age...
INFO:root:titles...
INFO:root:thumbnails...
INFO:root:links...
INFO:root:viewcounts...
INFO:root:age...
INFO:werkzeug:127.0.0.1 - - [24/Dec/2023 20:59:15] "POST /details HTTP/1.1" 200 -
INFO:werkzeug:127.0.0.1 - - [24/Dec/2023 20:59:15] "[36mGET /static/css/style.css HTTP/1.1[0m" 304 -
INFO:root:Html...
INFO:root:titles...
INFO:root:thumbnails...
INFO:root:links...
INFO:root:view counts...
INFO:root:videos age...
INFO:root:titles...
INFO:root:thumbnails...
INFO:root:links...
INFO:root:viewcounts...
INFO:root:age...
INFO:werkzeug:127.0.0.1 - - [24/Dec/2023 20:59:23] "POST /details HTTP/1.1" 200 -
INFO:werkzeug:127.0.0.1 - - [24/Dec/2023 20:59:23] "[36mGET /static/css/style.css HTTP/1.1[0m" 304 -
INFO:root:Html...
INFO:root:titles...
INFO:root:thumbnails...
INFO:root:links...
INFO:root:view counts...
INFO:root:videos age...
INFO:root:titles...
INFO:root:thumbnails...
INFO:root:links...
INFO:root:viewcounts...
INFO:root:age...
INFO:werkzeug:127.0.0.1 - - [24/Dec/2023 20:59:42] "POST /details HTTP/1.1" 200 -
INFO:werkzeug:127.0.0.1 - - [24/Dec/2023 20:59:42] "[36mGET /static/css/style.css HTTP/1.1[0m" 304 -
INFO:root:Html...
INFO:root:titles...
INFO:root:thumbnails...
INFO:root:links...
INFO:root:view counts...
INFO:root:videos age...
INFO:root:titles...
INFO:root:thumbnails...
INFO:root:links...
INFO:root:viewcounts...
INFO:root:age...
INFO:werkzeug:127.0.0.1 - - [24/Dec/2023 21:00:05] "POST /details HTTP/1.1" 200 -
INFO:werkzeug:127.0.0.1 - - [24/Dec/2023 21:00:05] "[36mGET /static/css/style.css HTTP/1.1[0m" 304 -
INFO:werkzeug:127.0.0.1 - - [24/Dec/2023 21:00:52] "GET / HTTP/1.1" 200 -
INFO:root:Html...
INFO:root:titles...
INFO:root:thumbnails...
INFO:root:links...
INFO:root:view counts...
INFO:root:videos age...
INFO:root:titles...
INFO:root:thumbnails...
INFO:root:links...
INFO:root:viewcounts...
INFO:root:age...
INFO:werkzeug:127.0.0.1 - - [24/Dec/2023 21:00:58] "POST /details HTTP/1.1" 200 -
INFO:werkzeug:127.0.0.1 - - [24/Dec/2023 21:00:58] "[36mGET /static/css/style.css HTTP/1.1[0m" 304 -
INFO:werkzeug:[31m[1mWARNING: This is a development server. Do not use it in a production deployment. Use a production WSGI server instead.[0m
 * Running on http://127.0.0.1:8000
INFO:werkzeug:[33mPress CTRL+C to quit[0m
INFO:werkzeug: * Restarting with stat
WARNING:werkzeug: * Debugger is active!
INFO:werkzeug: * Debugger PIN: 116-938-569
INFO:werkzeug:127.0.0.1 - - [27/Dec/2023 15:49:59] "GET / HTTP/1.1" 200 -
INFO:root:Html...
INFO:root:titles...
INFO:root:thumbnails...
INFO:root:links...
INFO:root:view counts...
INFO:root:videos age...
INFO:root:titles...
INFO:root:thumbnails...
INFO:root:links...
INFO:root:viewcounts...
INFO:root:age...
INFO:werkzeug:127.0.0.1 - - [27/Dec/2023 15:50:19] "POST /details HTTP/1.1" 200 -
INFO:werkzeug:127.0.0.1 - - [27/Dec/2023 15:50:19] "[36mGET /static/css/style.css HTTP/1.1[0m" 304 -
INFO:root:Html...
INFO:root:titles...
INFO:root:thumbnails...
INFO:root:links...
INFO:root:view counts...
INFO:root:videos age...
INFO:root:titles...
INFO:root:thumbnails...
INFO:root:links...
INFO:root:viewcounts...
INFO:root:age...
INFO:werkzeug:127.0.0.1 - - [27/Dec/2023 15:50:40] "POST /details HTTP/1.1" 200 -
INFO:werkzeug:127.0.0.1 - - [27/Dec/2023 15:50:40] "[36mGET /static/css/style.css HTTP/1.1[0m" 304 -
INFO:root:Html...
INFO:root:titles...
INFO:root:thumbnails...
INFO:root:links...
INFO:root:view counts...
INFO:root:videos age...
INFO:root:titles...
INFO:root:thumbnails...
INFO:root:links...
INFO:root:viewcounts...
INFO:root:age...
INFO:werkzeug:127.0.0.1 - - [27/Dec/2023 15:51:09] "POST /details HTTP/1.1" 200 -
INFO:werkzeug:127.0.0.1 - - [27/Dec/2023 15:51:09] "[36mGET /static/css/style.css HTTP/1.1[0m" 304 -
INFO:root:Html...
INFO:root:titles...
INFO:root:thumbnails...
INFO:root:links...
INFO:root:view counts...
INFO:root:videos age...
INFO:root:titles...
INFO:root:thumbnails...
INFO:root:links...
INFO:root:viewcounts...
INFO:root:age...
INFO:werkzeug:127.0.0.1 - - [27/Dec/2023 15:51:16] "POST /details HTTP/1.1" 200 -
INFO:werkzeug:127.0.0.1 - - [27/Dec/2023 15:51:16] "[36mGET /static/css/style.css HTTP/1.1[0m" 304 -
INFO:root:Html...
INFO:root:titles...
INFO:root:thumbnails...
INFO:root:links...
INFO:root:view counts...
INFO:root:videos age...
INFO:root:titles...
INFO:root:thumbnails...
INFO:root:links...
INFO:root:viewcounts...
INFO:root:age...
INFO:werkzeug:127.0.0.1 - - [27/Dec/2023 15:51:31] "POST /details HTTP/1.1" 200 -
INFO:werkzeug:127.0.0.1 - - [27/Dec/2023 15:51:31] "[36mGET /static/css/style.css HTTP/1.1[0m" 304 -
INFO:root:Html...
INFO:root:titles...
INFO:root:thumbnails...
INFO:root:links...
INFO:root:view counts...
INFO:root:videos age...
INFO:root:titles...
INFO:root:thumbnails...
INFO:root:links...
INFO:root:viewcounts...
INFO:root:age...
INFO:werkzeug:127.0.0.1 - - [27/Dec/2023 15:52:20] "POST /details HTTP/1.1" 200 -
INFO:werkzeug:127.0.0.1 - - [27/Dec/2023 15:52:20] "[36mGET /static/css/style.css HTTP/1.1[0m" 304 -
INFO:root:Html...
INFO:root:titles...
INFO:root:thumbnails...
INFO:root:links...
INFO:root:view counts...
INFO:root:videos age...
INFO:root:titles...
INFO:root:thumbnails...
INFO:root:links...
INFO:root:viewcounts...
INFO:root:age...
INFO:werkzeug:127.0.0.1 - - [27/Dec/2023 15:52:31] "POST /details HTTP/1.1" 200 -
INFO:werkzeug:127.0.0.1 - - [27/Dec/2023 15:52:31] "[36mGET /static/css/style.css HTTP/1.1[0m" 304 -
INFO:werkzeug: * Detected change in 'C:\\Users\\shaho\\OneDrive\\Desktop\\New folder\\Youtube\\application.py', reloading
INFO:werkzeug: * Restarting with stat
INFO:werkzeug:[31m[1mWARNING: This is a development server. Do not use it in a production deployment. Use a production WSGI server instead.[0m
 * Running on http://127.0.0.1:8000
INFO:werkzeug:[33mPress CTRL+C to quit[0m
INFO:werkzeug: * Restarting with stat
WARNING:werkzeug: * Debugger is active!
INFO:werkzeug: * Debugger PIN: 116-938-569
INFO:root:Html...
INFO:root:titles...
INFO:root:thumbnails...
INFO:root:links...
INFO:root:view counts...
INFO:root:videos age...
INFO:root:titles...
INFO:root:thumbnails...
INFO:root:links...
INFO:root:viewcounts...
INFO:root:age...
INFO:werkzeug:127.0.0.1 - - [27/Dec/2023 16:18:17] "POST /details HTTP/1.1" 200 -
INFO:werkzeug:127.0.0.1 - - [27/Dec/2023 16:18:17] "[36mGET /static/css/style.css HTTP/1.1[0m" 304 -
